Flow report for Processor
Thu Aug 10 13:16:22 2017
Quartus Prime Version 17.0.1 Build 598 06/07/2017 SJ Lite Edition


---------------------
; Table of Contents ;
---------------------
  1. Legal Notice
  2. Flow Summary
  3. Flow Settings
  4. Flow Non-Default Global Settings
  5. Flow Elapsed Time
  6. Flow OS Summary
  7. Flow Log
  8. Flow Messages
  9. Flow Suppressed Messages



----------------
; Legal Notice ;
----------------
Copyright (C) 2017  Intel Corporation. All rights reserved.
Your use of Intel Corporation's design tools, logic functions 
and other software and tools, and its AMPP partner logic 
functions, and any output files from any of the foregoing 
(including device programming or simulation files), and any 
associated documentation or information are expressly subject 
to the terms and conditions of the Intel Program License 
Subscription Agreement, the Intel Quartus Prime License Agreement,
the Intel MegaCore Function License Agreement, or other 
applicable license agreement, including, without limitation, 
that your use is for the sole purpose of programming logic 
devices manufactured by Intel and sold by Intel or its 
authorized distributors.  Please refer to the applicable 
agreement for further details.



+----------------------------------------------------------------------------------+
; Flow Summary                                                                     ;
+------------------------------------+---------------------------------------------+
; Flow Status                        ; Successful - Thu Aug 10 13:16:22 2017       ;
; Quartus Prime Version              ; 17.0.1 Build 598 06/07/2017 SJ Lite Edition ;
; Revision Name                      ; Processor                                   ;
; Top-level Entity Name              ; Processor                                   ;
; Family                             ; Cyclone IV E                                ;
; Device                             ; EP4CE115F29C7                               ;
; Timing Models                      ; Final                                       ;
; Total logic elements               ; 9,725 / 114,480 ( 8 % )                     ;
;     Total combinational functions  ; 7,133 / 114,480 ( 6 % )                     ;
;     Dedicated logic registers      ; 4,359 / 114,480 ( 4 % )                     ;
; Total registers                    ; 4359                                        ;
; Total pins                         ; 48 / 529 ( 9 % )                            ;
; Total virtual pins                 ; 0                                           ;
; Total memory bits                  ; 0 / 3,981,312 ( 0 % )                       ;
; Embedded Multiplier 9-bit elements ; 6 / 532 ( 1 % )                             ;
; Total PLLs                         ; 0 / 4 ( 0 % )                               ;
+------------------------------------+---------------------------------------------+


+-----------------------------------------+
; Flow Settings                           ;
+-------------------+---------------------+
; Option            ; Setting             ;
+-------------------+---------------------+
; Start date & time ; 08/10/2017 13:14:29 ;
; Main task         ; Compilation         ;
; Revision Name     ; Processor           ;
+-------------------+---------------------+


+-----------------------------------------------------------------------------------------------------------------------------------------+
; Flow Non-Default Global Settings                                                                                                        ;
+--------------------------------------------+----------------------------------------+--------------------+-------------+----------------+
; Assignment Name                            ; Value                                  ; Default Value      ; Entity Name ; Section Id     ;
+--------------------------------------------+----------------------------------------+--------------------+-------------+----------------+
; COMPILER_SIGNATURE_ID                      ; 193583867161305.150238166905584        ; --                 ; --          ; --             ;
; EDA_OUTPUT_DATA_FORMAT                     ; Verilog Hdl                            ; --                 ; --          ; eda_simulation ;
; EDA_SIMULATION_TOOL                        ; ModelSim-Altera (Verilog)              ; <None>             ; --          ; --             ;
; EDA_TIME_SCALE                             ; 1 ps                                   ; --                 ; --          ; eda_simulation ;
; FITTER_EFFORT                              ; Fast Fit                               ; Auto Fit           ; --          ; --             ;
; MAX_CORE_JUNCTION_TEMP                     ; 85                                     ; --                 ; --          ; --             ;
; MIN_CORE_JUNCTION_TEMP                     ; 0                                      ; --                 ; --          ; --             ;
; NOMINAL_CORE_SUPPLY_VOLTAGE                ; 1.2V                                   ; --                 ; --          ; --             ;
; OPTIMIZE_HOLD_TIMING                       ; Off                                    ; All Paths          ; --          ; --             ;
; OPTIMIZE_IOC_REGISTER_PLACEMENT_FOR_TIMING ; Off                                    ; Normal             ; --          ; --             ;
; OPTIMIZE_MULTI_CORNER_TIMING               ; Off                                    ; On                 ; --          ; --             ;
; OPTIMIZE_POWER_DURING_FITTING              ; Off                                    ; Normal compilation ; --          ; --             ;
; OPTIMIZE_TIMING                            ; Off                                    ; Normal compilation ; --          ; --             ;
; PARTITION_COLOR                            ; -- (Not supported for targeted family) ; --                 ; --          ; Top            ;
; PARTITION_FITTER_PRESERVATION_LEVEL        ; -- (Not supported for targeted family) ; --                 ; --          ; Top            ;
; PARTITION_NETLIST_TYPE                     ; -- (Not supported for targeted family) ; --                 ; --          ; Top            ;
; PHYSICAL_SYNTHESIS_EFFORT                  ; Fast                                   ; Normal             ; --          ; --             ;
; POWER_BOARD_THERMAL_MODEL                  ; None (CONSERVATIVE)                    ; --                 ; --          ; --             ;
; POWER_PRESET_COOLING_SOLUTION              ; 23 MM HEAT SINK WITH 200 LFPM AIRFLOW  ; --                 ; --          ; --             ;
; PROJECT_OUTPUT_DIRECTORY                   ; output_files                           ; --                 ; --          ; --             ;
; SAVE_DISK_SPACE                            ; Off                                    ; On                 ; --          ; --             ;
; SMART_RECOMPILE                            ; On                                     ; Off                ; --          ; --             ;
; SYNCHRONIZER_IDENTIFICATION                ; Off                                    ; Auto               ; --          ; --             ;
; TIMEQUEST_MULTICORNER_ANALYSIS             ; Off                                    ; On                 ; --          ; --             ;
+--------------------------------------------+----------------------------------------+--------------------+-------------+----------------+


+-------------------------------------------------------------------------------------------------------------------------------+
; Flow Elapsed Time                                                                                                             ;
+---------------------------+--------------+-------------------------+---------------------+------------------------------------+
; Module Name               ; Elapsed Time ; Average Processors Used ; Peak Virtual Memory ; Total CPU Time (on all processors) ;
+---------------------------+--------------+-------------------------+---------------------+------------------------------------+
; Analysis & Synthesis      ; 00:00:48     ; 1.0                     ; 1022 MB             ; 00:01:11                           ;
; Fitter                    ; 00:00:38     ; 1.0                     ; 1355 MB             ; 00:00:50                           ;
; Assembler                 ; 00:00:05     ; 1.0                     ; 852 MB              ; 00:00:05                           ;
; TimeQuest Timing Analyzer ; 00:00:09     ; 1.2                     ; 1048 MB             ; 00:00:11                           ;
; EDA Netlist Writer        ; 00:00:07     ; 1.0                     ; 1122 MB             ; 00:00:07                           ;
; Total                     ; 00:01:47     ; --                      ; --                  ; 00:02:24                           ;
+---------------------------+--------------+-------------------------+---------------------+------------------------------------+


+-------------------------------------------------------------------------------------------------+
; Flow OS Summary                                                                                 ;
+---------------------------+----------------------+----------------+------------+----------------+
; Module Name               ; Machine Hostname     ; OS Name        ; OS Version ; Processor type ;
+---------------------------+----------------------+----------------+------------+----------------+
; Analysis & Synthesis      ; thiago-Lenovo-G40-70 ; Ubuntu 16.04.2 ; 16         ; x86_64         ;
; Fitter                    ; thiago-Lenovo-G40-70 ; Ubuntu 16.04.2 ; 16         ; x86_64         ;
; Assembler                 ; thiago-Lenovo-G40-70 ; Ubuntu 16.04.2 ; 16         ; x86_64         ;
; TimeQuest Timing Analyzer ; thiago-Lenovo-G40-70 ; Ubuntu 16.04.2 ; 16         ; x86_64         ;
; EDA Netlist Writer        ; thiago-Lenovo-G40-70 ; Ubuntu 16.04.2 ; 16         ; x86_64         ;
+---------------------------+----------------------+----------------+------------+----------------+


------------
; Flow Log ;
------------
quartus_map --read_settings_files=on --write_settings_files=off Processor -c Processor
quartus_fit --read_settings_files=off --write_settings_files=off Processor -c Processor
quartus_asm --read_settings_files=off --write_settings_files=off Processor -c Processor
quartus_sta Processor -c Processor
quartus_eda --read_settings_files=off --write_settings_files=off Processor -c Processor



